c:\users\zly07\source\repos\othello\game\game\x64\release\game.pch
c:\users\zly07\source\repos\othello\game\game\x64\release\vc141.pdb
c:\users\zly07\source\repos\othello\game\game\x64\release\stdafx.obj
c:\users\zly07\source\repos\othello\game\game\x64\release\tree.obj
c:\users\zly07\source\repos\othello\game\game\x64\release\othello.obj
c:\users\zly07\source\repos\othello\game\game\x64\release\maths.obj
c:\users\zly07\source\repos\othello\game\game\x64\release\learning.obj
c:\users\zly07\source\repos\othello\game\game\x64\release\game.obj
c:\users\zly07\source\repos\othello\game\game\x64\release\book.obj
c:\users\zly07\source\repos\othello\game\x64\release\game.ipdb
c:\users\zly07\source\repos\othello\game\x64\release\game.iobj
c:\users\zly07\source\repos\othello\game\x64\release\game.exe
c:\users\zly07\source\repos\othello\game\x64\release\game.pdb
c:\users\zly07\source\repos\othello\game\game\x64\release\game.tlog\cl.command.1.tlog
c:\users\zly07\source\repos\othello\game\game\x64\release\game.tlog\cl.read.1.tlog
c:\users\zly07\source\repos\othello\game\game\x64\release\game.tlog\cl.write.1.tlog
c:\users\zly07\source\repos\othello\game\game\x64\release\game.tlog\game.write.1u.tlog
c:\users\zly07\source\repos\othello\game\game\x64\release\game.tlog\link.command.1.tlog
c:\users\zly07\source\repos\othello\game\game\x64\release\game.tlog\link.read.1.tlog
c:\users\zly07\source\repos\othello\game\game\x64\release\game.tlog\link.write.1.tlog
