c:\users\zly07\onedrive\ドキュメント\visual studio 2017\projects\game\game\release\game.pch
c:\users\zly07\onedrive\ドキュメント\visual studio 2017\projects\game\game\release\vc141.pdb
c:\users\zly07\onedrive\ドキュメント\visual studio 2017\projects\game\game\release\stdafx.obj
c:\users\zly07\onedrive\ドキュメント\visual studio 2017\projects\game\game\release\tree.obj
c:\users\zly07\onedrive\ドキュメント\visual studio 2017\projects\game\game\release\othello.obj
c:\users\zly07\onedrive\ドキュメント\visual studio 2017\projects\game\game\release\maths.obj
c:\users\zly07\onedrive\ドキュメント\visual studio 2017\projects\game\game\release\learning.obj
c:\users\zly07\onedrive\ドキュメント\visual studio 2017\projects\game\game\release\game.obj
c:\users\zly07\onedrive\ドキュメント\visual studio 2017\projects\game\game\release\book.obj
c:\users\zly07\documents\othello\updated\projects\game\game\release\game.pch
c:\users\zly07\documents\othello\updated\projects\game\game\release\vc141.pdb
c:\users\zly07\documents\othello\updated\projects\game\game\release\stdafx.obj
c:\users\zly07\documents\othello\updated\projects\game\game\release\maths.obj
c:\users\zly07\documents\othello\updated\projects\game\game\release\learning.obj
c:\users\zly07\documents\othello\updated\projects\game\game\release\game.obj
c:\users\zly07\documents\othello\updated\projects\game\game\release\book.obj
c:\users\zly07\documents\othello\updated\projects\game\game\release\tree.obj
c:\users\zly07\documents\othello\updated\projects\game\game\release\othello.obj
c:\users\zly07\onedrive\ドキュメント\visual studio 2017\projects\game\release\game.ipdb
c:\users\zly07\onedrive\ドキュメント\visual studio 2017\projects\game\release\game.iobj
c:\users\zly07\onedrive\ドキュメント\visual studio 2017\projects\game\release\game.exe
c:\users\zly07\onedrive\ドキュメント\visual studio 2017\projects\game\release\game.pdb
c:\users\zly07\documents\othello\updated\projects\game\release\game.pdb
c:\users\zly07\documents\othello\updated\projects\game\game\release\game.tlog\cl.command.1.tlog
c:\users\zly07\documents\othello\updated\projects\game\game\release\game.tlog\cl.read.1.tlog
c:\users\zly07\documents\othello\updated\projects\game\game\release\game.tlog\cl.write.1.tlog
c:\users\zly07\documents\othello\updated\projects\game\game\release\game.tlog\game.write.1u.tlog
c:\users\zly07\documents\othello\updated\projects\game\game\release\game.tlog\link.command.1.tlog
c:\users\zly07\documents\othello\updated\projects\game\game\release\game.tlog\link.read.1.tlog
c:\users\zly07\documents\othello\updated\projects\game\game\release\game.tlog\link.write.1.tlog
