c:\users\zly07\onedrive\ドキュメント\visual studio 2017\projects\opt\opt\release\opt.pch
c:\users\zly07\onedrive\ドキュメント\visual studio 2017\projects\opt\opt\release\vc141.pdb
c:\users\zly07\onedrive\ドキュメント\visual studio 2017\projects\opt\opt\release\stdafx.obj
c:\users\zly07\onedrive\ドキュメント\visual studio 2017\projects\opt\opt\release\tree.obj
c:\users\zly07\onedrive\ドキュメント\visual studio 2017\projects\opt\opt\release\othello.obj
c:\users\zly07\onedrive\ドキュメント\visual studio 2017\projects\opt\opt\release\opt.obj
c:\users\zly07\onedrive\ドキュメント\visual studio 2017\projects\opt\opt\release\maths.obj
c:\users\zly07\onedrive\ドキュメント\visual studio 2017\projects\opt\opt\release\learning.obj
c:\users\zly07\onedrive\ドキュメント\visual studio 2017\projects\opt\opt\release\book.obj
c:\users\zly07\onedrive\ドキュメント\visual studio 2017\projects\opt\release\opt.exe
c:\users\zly07\onedrive\ドキュメント\visual studio 2017\projects\opt\release\opt.pdb
c:\users\zly07\onedrive\ドキュメント\visual studio 2017\projects\opt\release\opt.ipdb
c:\users\zly07\onedrive\ドキュメント\visual studio 2017\projects\opt\release\opt.iobj
c:\users\zly07\onedrive\ドキュメント\visual studio 2017\projects\opt\opt\release\opt.tlog\cl.command.1.tlog
c:\users\zly07\onedrive\ドキュメント\visual studio 2017\projects\opt\opt\release\opt.tlog\cl.read.1.tlog
c:\users\zly07\onedrive\ドキュメント\visual studio 2017\projects\opt\opt\release\opt.tlog\cl.write.1.tlog
c:\users\zly07\onedrive\ドキュメント\visual studio 2017\projects\opt\opt\release\opt.tlog\link.command.1.tlog
c:\users\zly07\onedrive\ドキュメント\visual studio 2017\projects\opt\opt\release\opt.tlog\link.read.1.tlog
c:\users\zly07\onedrive\ドキュメント\visual studio 2017\projects\opt\opt\release\opt.tlog\link.write.1.tlog
c:\users\zly07\onedrive\ドキュメント\visual studio 2017\projects\opt\opt\release\opt.tlog\opt.write.1u.tlog
